2024-12-18 22:47:14,280 - An error occurred: Maximum recursion level reached
2024-12-18 22:48:52,109 - An error occurred: Maximum recursion level reached
2024-12-18 22:49:35,031 - An error occurred: Maximum recursion level reached
2024-12-18 22:51:04,809 - An error occurred: Maximum recursion level reached
2024-12-18 23:12:15,054 - An error occurred: Maximum recursion level reached
2024-12-18 23:13:44,885 - An error occurred: Maximum recursion level reached
Traceback (most recent call last):
  File "/Users/haris/DSA210-PhotoDump/analyze_photos.py", line 81, in <module>
    df.to_json(output_json, orient='records', date_format='iso')
    ~~~~~~~~~~^^^^^^^^^^^^^^^^^^^^^^^^^^^^^^^^^^^^^^^^^^^^^^^^^^
  File "/Library/Frameworks/Python.framework/Versions/3.13/lib/python3.13/site-packages/pandas/util/_decorators.py", line 333, in wrapper
    return func(*args, **kwargs)
  File "/Library/Frameworks/Python.framework/Versions/3.13/lib/python3.13/site-packages/pandas/core/generic.py", line 2702, in to_json
    return json.to_json(
           ~~~~~~~~~~~~^
        path_or_buf=path_or_buf,
        ^^^^^^^^^^^^^^^^^^^^^^^^
    ...<12 lines>...
        mode=mode,
        ^^^^^^^^^^
    )
    ^
  File "/Library/Frameworks/Python.framework/Versions/3.13/lib/python3.13/site-packages/pandas/io/json/_json.py", line 210, in to_json
    ).write()
      ~~~~~^^
  File "/Library/Frameworks/Python.framework/Versions/3.13/lib/python3.13/site-packages/pandas/io/json/_json.py", line 263, in write
    return ujson_dumps(
        self.obj_to_write,
    ...<6 lines>...
        indent=self.indent,
    )
OverflowError: Maximum recursion level reached
2024-12-18 23:15:01,299 - Error in analysis: Maximum recursion level reached
Traceback (most recent call last):
  File "/Users/haris/DSA210-PhotoDump/analyze_photos.py", line 72, in analyze_photos
    data.to_json(output_json, orient='records', date_format='iso')
    ~~~~~~~~~~~~^^^^^^^^^^^^^^^^^^^^^^^^^^^^^^^^^^^^^^^^^^^^^^^^^^
  File "/Library/Frameworks/Python.framework/Versions/3.13/lib/python3.13/site-packages/pandas/util/_decorators.py", line 333, in wrapper
    return func(*args, **kwargs)
  File "/Library/Frameworks/Python.framework/Versions/3.13/lib/python3.13/site-packages/pandas/core/generic.py", line 2702, in to_json
    return json.to_json(
           ~~~~~~~~~~~~^
        path_or_buf=path_or_buf,
        ^^^^^^^^^^^^^^^^^^^^^^^^
    ...<12 lines>...
        mode=mode,
        ^^^^^^^^^^
    )
    ^
  File "/Library/Frameworks/Python.framework/Versions/3.13/lib/python3.13/site-packages/pandas/io/json/_json.py", line 210, in to_json
    ).write()
      ~~~~~^^
  File "/Library/Frameworks/Python.framework/Versions/3.13/lib/python3.13/site-packages/pandas/io/json/_json.py", line 263, in write
    return ujson_dumps(
        self.obj_to_write,
    ...<6 lines>...
        indent=self.indent,
    )
OverflowError: Maximum recursion level reached
